2023-04-12 11:34:42,877 - INFO - PickedGroupFDR version 0.3.5
Copyright (c) 2020-2022 Matthew The. All rights reserved.
Written by Matthew The (matthew.the@tum.de) at the
Chair of Proteomics and Bioanalytics at the Technical University of Munich.
2023-04-12 11:34:42,877 - INFO - Issued command: picked_group_fdr.py --perc_evidence combined_targets+decoys_6000_rawfiles.tsv --protein_groups_out proteinGroups.txt --method picked_protein_group_no_remap --fasta micro_prot_decoy.fasta --peptide_protein_map pep_to_prot_mapping_6000.txt
2023-04-12 11:34:44,469 - INFO - Protein group level estimation method: Picked Protein Group FDR (best Percolator PEP, rescued subset protein grouping, discard shared peptides, picked group target-decoy strategy)
2023-04-12 11:34:44,470 - INFO - Parsing Percolator output file
2023-04-12 11:34:44,470 - INFO -     Reading line 0
2023-04-12 11:34:53,471 - INFO -     Reading line 500000
2023-04-12 11:35:00,066 - INFO -     Reading line 1000000
2023-04-12 11:35:07,053 - INFO -     Reading line 1500000
2023-04-12 11:35:16,741 - INFO -     Reading line 2000000
2023-04-12 11:35:29,647 - INFO -     Reading line 2500000
2023-04-12 11:35:37,369 - INFO -     Reading line 3000000
2023-04-12 11:35:45,928 - INFO -     Reading line 3500000
2023-04-12 11:35:58,500 - INFO -     Reading line 4000000
2023-04-12 11:36:14,099 - INFO -     Reading line 4500000
2023-04-12 11:36:31,860 - INFO -     Reading line 5000000
2023-04-12 11:36:41,971 - INFO -     Reading line 5500000
2023-04-12 11:36:54,817 - INFO -     Reading line 6000000
2023-04-12 11:37:04,155 - INFO -     Reading line 6500000
2023-04-12 11:37:21,027 - INFO -     Reading line 7000000
2023-04-12 11:37:27,426 - INFO -     Reading line 7500000
2023-04-12 11:37:42,379 - INFO -     Reading line 8000000
2023-04-12 11:37:47,714 - INFO -     Reading line 8500000
2023-04-12 11:44:01,284 - INFO -     Reading line 9000000
2023-04-12 12:03:27,911 - INFO -     Reading line 9500000
2023-04-12 12:03:41,515 - INFO -     Reading line 10000000
2023-04-12 12:03:50,825 - INFO -     Reading line 10500000
2023-04-12 12:03:58,210 - INFO -     Reading line 11000000
2023-04-12 12:04:04,329 - INFO -     Reading line 11500000
2023-04-12 12:04:19,261 - INFO -     Reading line 12000000
2023-04-12 12:04:26,959 - INFO -     Reading line 12500000
2023-04-12 12:04:32,932 - INFO -     Reading line 13000000
2023-04-12 12:04:38,954 - INFO -     Reading line 13500000
2023-04-12 12:04:46,009 - INFO -     Reading line 14000000
2023-04-12 12:04:54,126 - INFO -     Reading line 14500000
2023-04-12 12:05:00,914 - INFO -     Reading line 15000000
2023-04-12 12:05:08,000 - INFO -     Reading line 15500000
2023-04-12 12:05:17,797 - INFO -     Reading line 16000000
2023-04-12 12:05:24,881 - INFO -     Reading line 16500000
2023-04-12 12:05:30,864 - INFO -     Reading line 17000000
2023-04-12 12:05:39,826 - INFO -     Reading line 17500000
2023-04-12 12:05:50,881 - INFO -     Reading line 18000000
2023-04-12 12:05:58,747 - INFO -     Reading line 18500000
2023-04-12 12:06:06,366 - INFO -     Reading line 19000000
2023-04-12 12:06:12,439 - INFO -     Reading line 19500000
2023-04-12 12:06:19,056 - INFO -     Reading line 20000000
2023-04-12 12:06:25,039 - INFO -     Reading line 20500000
2023-04-12 12:06:41,836 - INFO -     Reading line 21000000
2023-04-12 12:06:54,438 - INFO -     Reading line 21500000
2023-04-12 12:07:02,065 - INFO -     Reading line 22000000
2023-04-12 12:07:09,419 - INFO -     Reading line 22500000
2023-04-12 12:07:15,059 - INFO -     Reading line 23000000
2023-04-12 12:07:21,679 - INFO -     Reading line 23500000
2023-04-12 12:07:44,768 - INFO - Grouping proteins (subset strategy):
2023-04-12 12:07:48,414 - INFO - Generating protein groups from observed peptides
2023-04-12 12:07:51,426 - INFO - Assigning peptides to protein groups
2023-04-12 12:07:55,584 - INFO - Shared peptides: 192291; Unique peptides: 478194
2023-04-12 12:08:00,352 - INFO - Calculating protein group-level FDRs
2023-04-12 12:08:00,506 - INFO - Decoys: 13138, Entrapments: 0, Pool: 24647
2023-04-12 12:08:00,535 - INFO - #Targets at 1% decoy FDR: 9644
2023-04-12 12:08:02,036 - INFO - Rescuing threshold: protein score = 3.24, peptide PEP = 0.000572
2023-04-12 12:08:02,429 - INFO - Redoing protein grouping using peptides below equivalent 1% protein FDR threshold
2023-04-12 12:08:02,838 - INFO - Generating protein groups from observed peptides
2023-04-12 12:08:06,690 - INFO - #protein groups before rescue: 61737
2023-04-12 12:08:06,691 - INFO - #protein groups after rescue: 56862
2023-04-12 12:08:06,729 - INFO - Assigning peptides to protein groups
2023-04-12 12:08:10,680 - INFO - Shared peptides: 102278; Unique peptides: 568207
2023-04-12 12:08:17,223 - INFO - Calculating protein group-level FDRs
2023-04-12 12:08:17,389 - INFO - Decoys: 14063, Entrapments: 0, Pool: 24795
2023-04-12 12:08:17,419 - INFO - #Targets at 1% decoy FDR: 11042
2023-04-12 12:08:22,374 - INFO - Protein group results have been written to: proteinGroups.txt
2023-04-12 12:08:22,376 - INFO - PickedGroupFDR execution took 513.7 seconds wall clock time
