2023-04-11 18:27:58,803 - INFO - PickedGroupFDR version 0.3.5
Copyright (c) 2020-2022 Matthew The. All rights reserved.
Written by Matthew The (matthew.the@tum.de) at the
Chair of Proteomics and Bioanalytics at the Technical University of Munich.
2023-04-11 18:27:58,803 - INFO - Issued command: picked_group_fdr.py --perc_evidence combined_targets+decoys_3000_rawfiles.tsv --protein_groups_out proteinGroups.txt --method picked_protein_group_no_remap --fasta micro_prot_decoy.fasta --peptide_protein_map pep_to_prot_mapping_3000.txt
2023-04-11 18:28:00,350 - INFO - Protein group level estimation method: Picked Protein Group FDR (best Percolator PEP, rescued subset protein grouping, discard shared peptides, picked group target-decoy strategy)
2023-04-11 18:28:00,353 - INFO - Parsing Percolator output file
2023-04-11 18:28:00,353 - INFO -     Reading line 0
2023-04-11 18:28:11,743 - INFO -     Reading line 500000
2023-04-11 18:28:22,162 - INFO -     Reading line 1000000
2023-04-11 18:28:30,474 - INFO -     Reading line 1500000
2023-04-11 18:28:38,434 - INFO -     Reading line 2000000
2023-04-11 18:28:45,753 - INFO -     Reading line 2500000
2023-04-11 18:28:51,685 - INFO -     Reading line 3000000
2023-04-11 18:28:59,017 - INFO -     Reading line 3500000
2023-04-11 18:29:04,451 - INFO -     Reading line 4000000
2023-04-11 18:29:10,650 - INFO -     Reading line 4500000
2023-04-11 18:29:16,778 - INFO -     Reading line 5000000
2023-04-11 18:29:22,432 - INFO -     Reading line 5500000
2023-04-11 18:29:28,550 - INFO -     Reading line 6000000
2023-04-11 18:29:34,175 - INFO -     Reading line 6500000
2023-04-11 18:29:40,313 - INFO -     Reading line 7000000
2023-04-11 18:29:46,325 - INFO -     Reading line 7500000
2023-04-11 18:29:53,098 - INFO -     Reading line 8000000
2023-04-11 18:29:59,398 - INFO -     Reading line 8500000
2023-04-11 18:30:05,458 - INFO -     Reading line 9000000
2023-04-11 18:30:11,679 - INFO -     Reading line 9500000
2023-04-11 18:30:17,956 - INFO -     Reading line 10000000
2023-04-11 18:30:24,388 - INFO -     Reading line 10500000
2023-04-11 18:30:31,154 - INFO -     Reading line 11000000
2023-04-11 18:30:37,829 - INFO -     Reading line 11500000
2023-04-11 18:30:40,357 - INFO - Grouping proteins (subset strategy):
2023-04-11 18:30:41,780 - INFO - Generating protein groups from observed peptides
2023-04-11 18:30:43,395 - INFO - Assigning peptides to protein groups
2023-04-11 18:30:47,268 - INFO - Shared peptides: 98577; Unique peptides: 349899
2023-04-11 18:30:50,210 - INFO - Calculating protein group-level FDRs
2023-04-11 18:30:50,429 - INFO - Decoys: 9838, Entrapments: 0, Pool: 21598
2023-04-11 18:30:50,453 - INFO - #Targets at 1% decoy FDR: 9832
2023-04-11 18:30:52,528 - INFO - Rescuing threshold: protein score = 2.76, peptide PEP = 0.00172
2023-04-11 18:30:52,878 - INFO - Redoing protein grouping using peptides below equivalent 1% protein FDR threshold
2023-04-11 18:30:53,420 - INFO - Generating protein groups from observed peptides
2023-04-11 18:30:56,152 - INFO - #protein groups before rescue: 51131
2023-04-11 18:30:56,152 - INFO - #protein groups after rescue: 48184
2023-04-11 18:30:56,217 - INFO - Assigning peptides to protein groups
2023-04-11 18:30:59,358 - INFO - Shared peptides: 51257; Unique peptides: 397219
2023-04-11 18:31:04,986 - INFO - Calculating protein group-level FDRs
2023-04-11 18:31:05,188 - INFO - Decoys: 10355, Entrapments: 0, Pool: 21534
2023-04-11 18:31:05,219 - INFO - #Targets at 1% decoy FDR: 10614
2023-04-11 18:31:07,302 - INFO - Protein group results have been written to: proteinGroups.txt
2023-04-11 18:31:07,302 - INFO - PickedGroupFDR execution took 188.5 seconds wall clock time
